
Copyright (C) 1994-2018 Synopsys, Inc.
This Synopsys software and all associated documentation are proprietary to Synopsys, Inc.
and may only be used pursuant to the terms and conditions of a written license agreement
with Synopsys, Inc. All other use, reproduction, modification, or distribution of the
Synopsys software or the associated documentation is strictly prohibited.
Tool: Synplify (R) Premier
Build: O-2018.09-SP1
Install: /vol/synopsys/fpga/O-2018.09-SP1
OS: Red Hat Enterprise Linux 8.10 (Ootpa)
Hostname: riddler.ece.northwestern.edu
max virtual memory: unlimited (bytes)
max user processes: 126625
max stack size: 8388608 (bytes)


Implementation : syn
Synopsys HDL compiler and linker, Version comp2018q4p1, Build 004R, Built Nov 27 2018 21:19:49

Modified Files: 16
FID:  path (prevtimestamp, timestamp)
0        /home/cli9009/ce_387/Assignments/HW4/edge_detect/sv/edge_detect.sv (N/A, 2025-02-09 22:59:18)
1        /home/cli9009/ce_387/Assignments/HW4/edge_detect/sv/fifo.sv (N/A, 2025-01-30 17:25:33)
2        /home/cli9009/ce_387/Assignments/HW4/edge_detect/sv/grayscale.sv (N/A, 2025-01-30 17:25:33)
3        /home/cli9009/ce_387/Assignments/HW4/edge_detect/sv/grayscale_top.sv (N/A, 2025-02-09 18:49:22)
4        /home/cli9009/ce_387/Assignments/HW4/edge_detect/sv/sobel.sv (N/A, 2025-02-09 22:37:50)
5        /home/cli9009/ce_387/Assignments/HW4/edge_detect/syn/synwork//distcomp/distcomp0/distcomp0.xmr (N/A, 2025-02-09 23:00:13)
6        /vol/synopsys/fpga/O-2018.09-SP1/lib/altera/altera.v (N/A, 2018-11-27 23:10:11)
7        /vol/synopsys/fpga/O-2018.09-SP1/lib/altera/quartus_prime181/altera_lpm.v (N/A, 2018-11-27 23:10:39)
8        /vol/synopsys/fpga/O-2018.09-SP1/lib/altera/quartus_prime181/altera_mf.v (N/A, 2018-11-27 23:10:39)
9        /vol/synopsys/fpga/O-2018.09-SP1/lib/altera/quartus_prime181/altera_primitives.v (N/A, 2018-11-27 23:10:39)
10       /vol/synopsys/fpga/O-2018.09-SP1/lib/altera/quartus_prime181/cycloneive.v (N/A, 2018-11-27 23:10:40)
11       /vol/synopsys/fpga/O-2018.09-SP1/lib/synip/hcei/zceistubs.v (N/A, 2018-11-27 23:12:11)
12       /vol/synopsys/fpga/O-2018.09-SP1/lib/vlog/hypermods.v (N/A, 2018-11-27 23:17:48)
13       /vol/synopsys/fpga/O-2018.09-SP1/lib/vlog/scemi_objects.v (N/A, 2018-11-27 23:17:48)
14       /vol/synopsys/fpga/O-2018.09-SP1/lib/vlog/scemi_pipes.svh (N/A, 2018-11-27 23:17:48)
15       /vol/synopsys/fpga/O-2018.09-SP1/lib/vlog/umr_capim.v (N/A, 2018-08-08 02:43:25)

*******************************************************************
Modules that may have changed as a result of file changes: 5
MID:  lib.cell.view
0        work.edge_detect.verilog may have changed because the following files changed:
                        /home/cli9009/ce_387/Assignments/HW4/edge_detect/sv/edge_detect.sv (N/A, 2025-02-09 22:59:18) <-- (module definition)
1        work.fifo.verilog may have changed because the following files changed:
                        /home/cli9009/ce_387/Assignments/HW4/edge_detect/sv/edge_detect.sv (N/A, 2025-02-09 22:59:18) <-- (may instantiate this module)
                        /home/cli9009/ce_387/Assignments/HW4/edge_detect/sv/fifo.sv (N/A, 2025-01-30 17:25:33) <-- (module definition)
                        /home/cli9009/ce_387/Assignments/HW4/edge_detect/sv/grayscale_top.sv (N/A, 2025-02-09 18:49:22) <-- (may instantiate this module)
2        work.grayscale.verilog may have changed because the following files changed:
                        /home/cli9009/ce_387/Assignments/HW4/edge_detect/sv/edge_detect.sv (N/A, 2025-02-09 22:59:18) <-- (may instantiate this module)
                        /home/cli9009/ce_387/Assignments/HW4/edge_detect/sv/grayscale.sv (N/A, 2025-01-30 17:25:33) <-- (module definition)
                        /home/cli9009/ce_387/Assignments/HW4/edge_detect/sv/grayscale_top.sv (N/A, 2025-02-09 18:49:22) <-- (may instantiate this module)
3        work.grayscale_top.verilog may have changed because the following files changed:
                        /home/cli9009/ce_387/Assignments/HW4/edge_detect/sv/edge_detect.sv (N/A, 2025-02-09 22:59:18) <-- (may instantiate this module)
                        /home/cli9009/ce_387/Assignments/HW4/edge_detect/sv/grayscale_top.sv (N/A, 2025-02-09 18:49:22) <-- (module definition)
4        work.sobel.verilog may have changed because the following files changed:
                        /home/cli9009/ce_387/Assignments/HW4/edge_detect/sv/edge_detect.sv (N/A, 2025-02-09 22:59:18) <-- (may instantiate this module)
                        /home/cli9009/ce_387/Assignments/HW4/edge_detect/sv/sobel.sv (N/A, 2025-02-09 22:37:50) <-- (module definition)

*******************************************************************
Unmodified files: 0
FID:  path (timestamp)

*******************************************************************
Unchanged modules: 0
MID:  lib.cell.view
