/vol/synopsys/fpga/O-2018.09-SP1/bin/c_hdl  -osyn  /home/cli9009/ce_387/Assignments/HW4/edge_detect/syn/synwork/sobel_comp.srs  -hdllog  /home/cli9009/ce_387/Assignments/HW4/edge_detect/syn/synlog/sobel_compiler.srr  -encrypt  -mp  4  -prodtype  synplify_premier  -licensetype  synplifypremierdp  -distcompmode 1 -verification_mode 0  -verilog  -prodtype  synplify_premier  -verification_mode 0 -infer_seqShift -primux -fixsmult -dspmac -nram -divnmod -continue_on_error -nostructver   -I /home/cli9009/ce_387/Assignments/HW2/submission/  -I /vol/synopsys/fpga/O-2018.09-SP1/lib   -sysv  -devicelib  /vol/synopsys/fpga/O-2018.09-SP1/lib/altera/altera.v  -devicelib  /vol/synopsys/fpga/O-2018.09-SP1/lib/altera/quartus_prime181/cycloneive.v  -devicelib  /vol/synopsys/fpga/O-2018.09-SP1/lib/altera/quartus_prime181/altera_mf.v  -devicelib  /vol/synopsys/fpga/O-2018.09-SP1/lib/altera/quartus_prime181/altera_lpm.v  -devicelib  /vol/synopsys/fpga/O-2018.09-SP1/lib/altera/quartus_prime181/altera_primitives.v  -encrypt  -pro  -dmgen  /home/cli9009/ce_387/Assignments/HW4/edge_detect/syn/dm  -auto_infer_blackbox 0 -proto -ui -fid2 -ram -sharing on -ll 2000 -autosm  -D_MULTIPLE_FILE_COMPILATION_UNIT_  -fast_synthesis 0  -lib work -fsysv /home/cli9009/ce_387/Assignments/HW4/edge_detect/sv/edge_detect.sv -lib work -fsysv /home/cli9009/ce_387/Assignments/HW4/edge_detect/sv/fifo.sv -lib work -fsysv /home/cli9009/ce_387/Assignments/HW4/edge_detect/sv/grayscale.sv -lib work -fsysv /home/cli9009/ce_387/Assignments/HW4/edge_detect/sv/grayscale_top.sv -lib work -fsysv /home/cli9009/ce_387/Assignments/HW4/edge_detect/sv/sobel.sv  -jobname  "compiler" 
relcom:/vol/synopsys/fpga/O-2018.09-SP1/bin/c_hdl -osyn ../synwork/sobel_comp.srs -hdllog ../synlog/sobel_compiler.srr -encrypt -mp 4 -prodtype synplify_premier -licensetype synplifypremierdp -distcompmode 1 -verification_mode 0 -verilog -prodtype synplify_premier -verification_mode 0 -infer_seqShift -primux -fixsmult -dspmac -nram -divnmod -continue_on_error -nostructver -I ../../../../HW2/submission/ -I /vol/synopsys/fpga/O-2018.09-SP1/lib -sysv -devicelib /vol/synopsys/fpga/O-2018.09-SP1/lib/altera/altera.v -devicelib /vol/synopsys/fpga/O-2018.09-SP1/lib/altera/quartus_prime181/cycloneive.v -devicelib /vol/synopsys/fpga/O-2018.09-SP1/lib/altera/quartus_prime181/altera_mf.v -devicelib /vol/synopsys/fpga/O-2018.09-SP1/lib/altera/quartus_prime181/altera_lpm.v -devicelib /vol/synopsys/fpga/O-2018.09-SP1/lib/altera/quartus_prime181/altera_primitives.v -encrypt -pro -dmgen ../dm -auto_infer_blackbox 0 -proto -ui -fid2 -ram -sharing on -ll 2000 -autosm -D_MULTIPLE_FILE_COMPILATION_UNIT_ -fast_synthesis 0 -lib work -fsysv ../../sv/edge_detect.sv -lib work -fsysv ../../sv/fifo.sv -lib work -fsysv ../../sv/grayscale.sv -lib work -fsysv ../../sv/grayscale_top.sv -lib work -fsysv ../../sv/sobel.sv -jobname "compiler"
rc:0 success:1 runtime:3
file:../synwork/sobel_comp.srs|io:o|time:1739163615|size:9398|exec:0|csum:
file:../synlog/sobel_compiler.srr|io:o|time:1739163615|size:13055|exec:0|csum:
file:/vol/synopsys/fpga/O-2018.09-SP1/lib/altera/altera.v|io:i|time:1543381811|size:761|exec:0|csum:530DBF8BEE396EFE8B33F0255371F1EA
file:/vol/synopsys/fpga/O-2018.09-SP1/lib/altera/quartus_prime181/cycloneive.v|io:i|time:1543381840|size:248626|exec:0|csum:B7FC851277DB49C2CA5F418047EB2E4F
file:/vol/synopsys/fpga/O-2018.09-SP1/lib/altera/quartus_prime181/altera_mf.v|io:i|time:1543381839|size:2618882|exec:0|csum:84794777C52804010B1D63698E285DB9
file:/vol/synopsys/fpga/O-2018.09-SP1/lib/altera/quartus_prime181/altera_lpm.v|io:i|time:1543381839|size:14867|exec:0|csum:01D82E1D5975CD832C9D765243E5182D
file:/vol/synopsys/fpga/O-2018.09-SP1/lib/altera/quartus_prime181/altera_primitives.v|io:i|time:1543381839|size:35286|exec:0|csum:C0AAD8CA21730C472D624582C058B929
file:./-fsysv|io:i|time:0|size:-1|exec:0|csum:
file:../../sv/edge_detect.sv|io:i|time:1739163558|size:1359|exec:0|csum:1DB7820CA3FD3A78E3CE50760BD77FE9
file:./-fsysv|io:i|time:0|size:-1|exec:0|csum:
file:../../sv/fifo.sv|io:i|time:1738279533|size:2496|exec:0|csum:D5552D79385D51720D757D6A4E5DDD50
file:./-fsysv|io:i|time:0|size:-1|exec:0|csum:
file:../../sv/grayscale.sv|io:i|time:1738279533|size:1473|exec:0|csum:174CF0FCE4332218974F0FB10E1DD8CA
file:./-fsysv|io:i|time:0|size:-1|exec:0|csum:
file:../../sv/grayscale_top.sv|io:i|time:1739148562|size:1263|exec:0|csum:08225D236681B1412CC9E78DD46921E4
file:./-fsysv|io:i|time:0|size:-1|exec:0|csum:
file:../../sv/sobel.sv|io:i|time:1739162270|size:5512|exec:0|csum:3B78F204FA4947EACF05AFBAF291CFEA
file:/vol/synopsys/fpga/O-2018.09-SP1/linux_a_64/c_hdl|io:i|time:1543382462|size:8760008|exec:1|csum:CF968C540087EF9F5288FFCDBF191EA5
file:/vol/synopsys/fpga/O-2018.09-SP1/bin/c_hdl|io:i|time:1543382354|size:367|exec:1|csum:E52A0D56112AD6C22F02B648B6F508CE
